clouder-watch/clouder-mobile/build/outputs/logs/manifest-merger-debug-report.txt
-- Merging decision tree log ---
manifest
ADDED from AndroidManifest.xml:2:1
	xmlns:tools
		ADDED from AndroidManifest.xml:5:5
	xmlns:android
		ADDED from AndroidManifest.xml:4:5
	package
		ADDED from AndroidManifest.xml:3:5
		INJECTED from AndroidManifest.xml:0:0
		INJECTED from AndroidManifest.xml:0:0
	android:versionName
		INJECTED from AndroidManifest.xml:0:0
		INJECTED from AndroidManifest.xml:0:0
	android:versionCode
		INJECTED from AndroidManifest.xml:0:0
		INJECTED from AndroidManifest.xml:0:0
uses-permission#android.permission.CAMERA
ADDED from AndroidManifest.xml:7:5
	android:name
		ADDED from AndroidManifest.xml:7:22
uses-permission#android.permission.BLUETOOTH
ADDED from AndroidManifest.xml:8:5
	android:name
		ADDED from AndroidManifest.xml:8:22
uses-permission#android.permission.BLUETOOTH_ADMIN
ADDED from AndroidManifest.xml:9:5
	android:name
		ADDED from AndroidManifest.xml:9:22
uses-permission#android.permission.READ_PHONE_STATE
ADDED from AndroidManifest.xml:10:5
	android:name
		ADDED from AndroidManifest.xml:10:22
uses-permission#android.permission.PROCESS_OUTGOING_CALLS
ADDED from AndroidManifest.xml:11:5
	android:name
		ADDED from AndroidManifest.xml:11:22
uses-permission#android.permission.RECEIVE_BOOT_COMPLETED
ADDED from AndroidManifest.xml:12:5
	android:name
		ADDED from AndroidManifest.xml:12:22
uses-feature#android.hardware.camera
ADDED from AndroidManifest.xml:14:5
	android:name
		ADDED from AndroidManifest.xml:14:19
uses-feature#android.hardware.camera.autofocus
ADDED from AndroidManifest.xml:15:5
	android:name
		ADDED from AndroidManifest.xml:15:19
uses-permission#android.permission.MOUNT_UNMOUNT_FILESYSTEMS
ADDED from AndroidManifest.xml:17:5
	android:name
		ADDED from AndroidManifest.xml:17:22
uses-permission#android.permission.WRITE_EXTERNAL_STORAGE
ADDED from AndroidManifest.xml:19:5
	android:name
		ADDED from AndroidManifest.xml:19:22
uses-permission#android.permission.READ_EXTERNAL_STORAGE
ADDED from AndroidManifest.xml:21:5
	android:name
		ADDED from AndroidManifest.xml:21:22
uses-permission#android.permission.SYSTEM_ALERT_WINDOW
ADDED from AndroidManifest.xml:23:5
	android:name
		ADDED from AndroidManifest.xml:23:22
uses-permission#android.permission.VIBRATE
ADDED from AndroidManifest.xml:24:5
	android:name
		ADDED from AndroidManifest.xml:24:22
uses-permission#android.permission.ACCESS_WIFI_STATE
ADDED from AndroidManifest.xml:27:5
MERGED from clouder-watch:clouder-common:unspecified:13:5
	android:name
		ADDED from AndroidManifest.xml:27:22
uses-permission#android.permission.CHANGE_WIFI_STATE
ADDED from AndroidManifest.xml:29:5
MERGED from clouder-watch:clouder-common:unspecified:15:5
	android:name
		ADDED from AndroidManifest.xml:29:22
uses-permission#android.permission.INTERNET
ADDED from AndroidManifest.xml:31:5
	android:name
		ADDED from AndroidManifest.xml:31:22
uses-permission#android.permission.READ_CONTACTS
ADDED from AndroidManifest.xml:32:5
	android:name
		ADDED from AndroidManifest.xml:32:22
uses-feature#android.hardware.bluetooth_le
ADDED from AndroidManifest.xml:34:5
	android:required
		ADDED from AndroidManifest.xml:36:9
	android:name
		ADDED from AndroidManifest.xml:35:9
application
ADDED from AndroidManifest.xml:38:5
MERGED from com.github.yoojia:zxing:0.3:11:5
MERGED from clouder-watch:clouder-common:unspecified:17:5
MERGED from com.android.support:support-v4:22.2.0:22:5
MERGED from de.hdodenhof:circleimageview:1.3.0:9:5
MERGED from com.github.yoojia:zxing:0.3:11:5
	android:label
		ADDED from AndroidManifest.xml:42:9
	android:allowBackup
		ADDED from AndroidManifest.xml:40:9
	android:icon
		ADDED from AndroidManifest.xml:41:9
	android:theme
		ADDED from AndroidManifest.xml:44:9
	android:largeHeap
		ADDED from AndroidManifest.xml:43:9
	tools:replace
		ADDED from AndroidManifest.xml:45:9
	android:name
		ADDED from AndroidManifest.xml:39:9
activity#com.clouder.watch.mobile.activity.MainActivity
ADDED from AndroidManifest.xml:63:9
	android:screenOrientation
		ADDED from AndroidManifest.xml:66:13
	android:label
		ADDED from AndroidManifest.xml:65:13
	android:name
		ADDED from AndroidManifest.xml:64:13
intent-filter#android.intent.action.MAIN+android.intent.category.LAUNCHER
ADDED from AndroidManifest.xml:67:13
action#android.intent.action.MAIN
ADDED from AndroidManifest.xml:68:17
	android:name
		ADDED from AndroidManifest.xml:68:25
category#android.intent.category.LAUNCHER
ADDED from AndroidManifest.xml:70:17
	android:name
		ADDED from AndroidManifest.xml:70:27
activity#com.clouder.watch.mobile.activity.AboutActivity
ADDED from AndroidManifest.xml:73:9
	android:screenOrientation
		ADDED from AndroidManifest.xml:76:13
	android:name
		ADDED from AndroidManifest.xml:74:13
	android:launchMode
		ADDED from AndroidManifest.xml:75:13
activity#com.clouder.watch.mobile.activity.DeviceConnectActivity
ADDED from AndroidManifest.xml:77:9
	android:screenOrientation
		ADDED from AndroidManifest.xml:80:13
	android:name
		ADDED from AndroidManifest.xml:78:13
	android:launchMode
		ADDED from AndroidManifest.xml:79:13
activity#com.clouder.watch.mobile.activity.LockerSettingsActivity
ADDED from AndroidManifest.xml:81:9
	android:screenOrientation
		ADDED from AndroidManifest.xml:84:13
	android:name
		ADDED from AndroidManifest.xml:82:13
	android:launchMode
		ADDED from AndroidManifest.xml:83:13
activity#com.clouder.watch.mobile.activity.NotificationSettingsActivity
ADDED from AndroidManifest.xml:85:9
	android:screenOrientation
		ADDED from AndroidManifest.xml:88:13
	android:name
		ADDED from AndroidManifest.xml:86:13
	android:launchMode
		ADDED from AndroidManifest.xml:87:13
activity#com.clouder.watch.mobile.activity.PairResultActivity
ADDED from AndroidManifest.xml:89:9
	android:screenOrientation
		ADDED from AndroidManifest.xml:92:13
	android:name
		ADDED from AndroidManifest.xml:90:13
	android:launchMode
		ADDED from AndroidManifest.xml:91:13
activity#com.clouder.watch.mobile.activity.ScanActivity
ADDED from AndroidManifest.xml:93:9
	android:screenOrientation
		ADDED from AndroidManifest.xml:96:13
	android:name
		ADDED from AndroidManifest.xml:94:13
	android:launchMode
		ADDED from AndroidManifest.xml:95:13
activity#com.clouder.watch.mobile.activity.WatchFaceSettingsActivity
ADDED from AndroidManifest.xml:97:9
	android:screenOrientation
		ADDED from AndroidManifest.xml:100:13
	android:name
		ADDED from AndroidManifest.xml:98:13
	android:launchMode
		ADDED from AndroidManifest.xml:99:13
activity#com.clouder.watch.mobile.activity.FirstUseActivity
ADDED from AndroidManifest.xml:101:9
	android:screenOrientation
		ADDED from AndroidManifest.xml:104:13
	android:name
		ADDED from AndroidManifest.xml:102:13
	android:launchMode
		ADDED from AndroidManifest.xml:103:13
activity#com.clouder.watch.mobile.activity.NotificationBlackListActivity
ADDED from AndroidManifest.xml:105:9
	android:screenOrientation
		ADDED from AndroidManifest.xml:108:13
	android:name
		ADDED from AndroidManifest.xml:106:13
	android:launchMode
		ADDED from AndroidManifest.xml:107:13
activity#com.clouder.watch.mobile.activity.WearableListActivity
ADDED from AndroidManifest.xml:109:9
	android:screenOrientation
		ADDED from AndroidManifest.xml:112:13
	android:name
		ADDED from AndroidManifest.xml:110:13
	android:launchMode
		ADDED from AndroidManifest.xml:111:13
activity#com.clouder.watch.mobile.activity.SyncWifiActivity
ADDED from AndroidManifest.xml:113:9
	android:screenOrientation
		ADDED from AndroidManifest.xml:116:13
	android:name
		ADDED from AndroidManifest.xml:114:13
	android:launchMode
		ADDED from AndroidManifest.xml:115:13
service#com.clouder.watch.mobile.SyncService
ADDED from AndroidManifest.xml:118:9
	android:name
		ADDED from AndroidManifest.xml:118:18
receiver#com.clouder.watch.mobile.sync.app.AppChangeReceiver
ADDED from AndroidManifest.xml:120:9
	android:name
		ADDED from AndroidManifest.xml:120:19
intent-filter#android.intent.action.PACKAGE_ADDED+android.intent.action.PACKAGE_REMOVED+android.intent.action.PACKAGE_REPLACED
ADDED from AndroidManifest.xml:121:13
action#android.intent.action.PACKAGE_ADDED
ADDED from AndroidManifest.xml:122:17
	android:name
		ADDED from AndroidManifest.xml:122:25
action#android.intent.action.PACKAGE_REPLACED
ADDED from AndroidManifest.xml:123:17
	android:name
		ADDED from AndroidManifest.xml:123:25
action#android.intent.action.PACKAGE_REMOVED
ADDED from AndroidManifest.xml:124:17
	android:name
		ADDED from AndroidManifest.xml:124:25
data
ADDED from AndroidManifest.xml:126:17
	android:scheme
		ADDED from AndroidManifest.xml:126:23
service#com.clouder.watch.mobile.notification.NotificationService
ADDED from AndroidManifest.xml:130:9
	android:permission
		ADDED from AndroidManifest.xml:132:13
	android:name
		ADDED from AndroidManifest.xml:131:13
intent-filter#android.service.notification.NotificationListenerService
ADDED from AndroidManifest.xml:133:13
action#android.service.notification.NotificationListenerService
ADDED from AndroidManifest.xml:134:17
	android:name
		ADDED from AndroidManifest.xml:134:25
service#com.clouder.watch.mobile.SyncContactsService
ADDED from AndroidManifest.xml:137:9
	android:name
		ADDED from AndroidManifest.xml:137:18
service#com.clouder.watch.mobile.utils.LockStatusService
ADDED from AndroidManifest.xml:138:9
	android:name
		ADDED from AndroidManifest.xml:138:18
service#com.cms.android.wearable.service.impl.BLECentralService
ADDED from AndroidManifest.xml:139:9
	android:exported
		ADDED from AndroidManifest.xml:142:13
	android:enabled
		ADDED from AndroidManifest.xml:141:13
	android:name
		ADDED from AndroidManifest.xml:140:13
intent-filter#com.hoperun.ble.central.service
ADDED from AndroidManifest.xml:143:13
action#com.hoperun.ble.central.service
ADDED from AndroidManifest.xml:144:17
	android:name
		ADDED from AndroidManifest.xml:144:25
service#com.cms.android.wearable.service.impl.RFCOMMServerService
ADDED from AndroidManifest.xml:147:9
	android:exported
		ADDED from AndroidManifest.xml:150:13
	android:enabled
		ADDED from AndroidManifest.xml:149:13
	android:name
		ADDED from AndroidManifest.xml:148:13
intent-filter#com.hoperun.rfcomm.server.service
ADDED from AndroidManifest.xml:151:13
action#com.hoperun.rfcomm.server.service
ADDED from AndroidManifest.xml:152:17
	android:name
		ADDED from AndroidManifest.xml:152:25
service#com.cms.android.wearable.service.impl.RFCommService
ADDED from AndroidManifest.xml:156:9
	android:exported
		ADDED from AndroidManifest.xml:159:13
	android:enabled
		ADDED from AndroidManifest.xml:158:13
	android:name
		ADDED from AndroidManifest.xml:157:13
receiver#com.cms.android.wearable.service.impl.BootCompletedReceiver
ADDED from AndroidManifest.xml:162:9
	android:name
		ADDED from AndroidManifest.xml:162:19
intent-filter#android.intent.action.BOOT_COMPLETED
ADDED from AndroidManifest.xml:163:13
action#android.intent.action.BOOT_COMPLETED
ADDED from AndroidManifest.xml:164:17
	android:name
		ADDED from AndroidManifest.xml:164:25
activity#com.clouder.watch.mobile.activity.ChangePasswordActivity
ADDED from AndroidManifest.xml:168:9
	android:label
		ADDED from AndroidManifest.xml:170:13
	android:name
		ADDED from AndroidManifest.xml:169:13
uses-sdk
INJECTED from AndroidManifest.xml:0:0 reason: use-sdk injection requested
MERGED from com.github.yoojia:zxing:0.3:7:5
MERGED from clouder-watch:clouder-common:unspecified:7:5
MERGED from com.android.support:support-v4:22.2.0:20:5
MERGED from de.hdodenhof:circleimageview:1.3.0:5:5
MERGED from com.github.yoojia:zxing:0.3:7:5
	android:targetSdkVersion
		INJECTED from AndroidManifest.xml:0:0
		INJECTED from AndroidManifest.xml:0:0
	android:minSdkVersion
		INJECTED from AndroidManifest.xml:0:0
		INJECTED from AndroidManifest.xml:0:0
uses-permission#android.permission.CHANGE_NETWORK_STATE
ADDED from clouder-watch:clouder-common:unspecified:11:5
	android:name
		ADDED from clouder-watch:clouder-common:unspecified:11:22